<?xml version="1.0" encoding="UTF-8"?>
<!-- Generated by org.testng.reporters.JUnitReportReporter -->
<testsuite hostname="DESKTOP-0MHP5IB" failures="0" tests="1" name="com.automationpractice.TestScripts.VerifyInvalidLoginTest" time="4.479" errors="0" timestamp="2022-03-07T19:22:45 EST" skipped="0">
  <testcase classname="com.automationpractice.TestScripts.VerifyInvalidLoginTest" name="verifyInvalidLogin" time="4.479"/>
  <system-out/>
</testsuite> <!-- com.automationpractice.TestScripts.VerifyInvalidLoginTest -->
