<?xml version="1.0" encoding="UTF-8"?>
<!-- Generated by org.testng.reporters.JUnitReportReporter -->
<testsuite hostname="DESKTOP-0MHP5IB" failures="0" tests="1" name="com.automationpractice.TestScripts.VerifyAddProductReviewTest" time="39.237" errors="0" timestamp="2022-03-10T13:17:48 EST" skipped="0">
  <testcase classname="com.automationpractice.TestScripts.VerifyAddProductReviewTest" name="VerifyAddProductReview" time="39.237"/>
  <system-out/>
</testsuite> <!-- com.automationpractice.TestScripts.VerifyAddProductReviewTest -->
