<?xml version="1.0" encoding="UTF-8"?>
<!-- Generated by org.testng.reporters.JUnitReportReporter -->
<testsuite hostname="DESKTOP-0MHP5IB" failures="0" tests="2" name="com.automationpractice.TestScripts.VerifyBlankCountryZipTest" time="17.903" errors="0" timestamp="2022-03-04T11:17:44 EST" skipped="0">
  <testcase classname="com.automationpractice.TestScripts.VerifyBlankCountryZipTest" name="verifyBlankCountryZipCode" time="8.687"/>
  <system-out/>
  <testcase classname="com.automationpractice.TestScripts.VerifyBlankCountryZipTest" name="verifyBlankCountryZipCode" time="9.216"/>
  <system-out/>
</testsuite> <!-- com.automationpractice.TestScripts.VerifyBlankCountryZipTest -->
