<?xml version="1.0" encoding="UTF-8"?>
<!-- Generated by org.testng.reporters.JUnitReportReporter -->
<testsuite hostname="DESKTOP-0MHP5IB" failures="0" tests="1" name="com.automationpractice.TestScripts.VerifyBlankCountryZipTest" time="6.354" errors="0" timestamp="2022-03-07T12:22:45 EST" skipped="0">
  <testcase classname="com.automationpractice.TestScripts.VerifyBlankCountryZipTest" name="verifyBlankCountryZipCode" time="6.354"/>
  <system-out/>
</testsuite> <!-- com.automationpractice.TestScripts.VerifyBlankCountryZipTest -->
