<?xml version="1.0" encoding="UTF-8"?>
<!-- Generated by org.testng.reporters.JUnitReportReporter -->
<testsuite hostname="DESKTOP-0MHP5IB" failures="0" tests="2" name="com.automationpractice.TestScripts.VerifyInvalidLoginTest" time="40.018" errors="0" timestamp="2022-03-07T12:48:45 EST" skipped="0">
  <testcase classname="com.automationpractice.TestScripts.VerifyInvalidLoginTest" name="verifyInvalidLogin" time="28.528"/>
  <system-out/>
  <testcase classname="com.automationpractice.TestScripts.VerifyInvalidLoginTest" name="verifyInvalidLogin" time="11.490"/>
  <system-out/>
</testsuite> <!-- com.automationpractice.TestScripts.VerifyInvalidLoginTest -->
