<?xml version="1.0" encoding="UTF-8"?>
<!-- Generated by org.testng.reporters.JUnitReportReporter -->
<testsuite hostname="DESKTOP-0MHP5IB" failures="0" tests="1" name="com.automationpractice.TestScripts.VerifyAccountCreationTest" time="15.177" errors="0" timestamp="2022-03-03T15:32:48 EST" skipped="0">
  <testcase classname="com.automationpractice.TestScripts.VerifyAccountCreationTest" name="verifyAccountCreation" time="15.177"/>
  <system-out/>
</testsuite> <!-- com.automationpractice.TestScripts.VerifyAccountCreationTest -->
