<?xml version="1.0" encoding="UTF-8"?>
<!-- Generated by org.testng.reporters.JUnitReportReporter -->
<testsuite hostname="DESKTOP-0MHP5IB" failures="0" tests="1" name="com.automationpractice.TestScripts.ShareProductFBTest" time="17.485" errors="0" timestamp="2022-03-10T20:15:55 EST" skipped="0">
  <testcase classname="com.automationpractice.TestScripts.ShareProductFBTest" name="ShareProductFB" time="17.485"/>
  <system-out/>
</testsuite> <!-- com.automationpractice.TestScripts.ShareProductFBTest -->
