<?xml version="1.0" encoding="UTF-8"?>
<!-- Generated by org.testng.reporters.JUnitReportReporter -->
<testsuite hostname="DESKTOP-0MHP5IB" failures="0" tests="1" name="com.automationpractice.TestScripts.VerifyPlaceOrderTest" time="18.724" errors="0" timestamp="2022-03-10T20:25:18 EST" skipped="0">
  <testcase classname="com.automationpractice.TestScripts.VerifyPlaceOrderTest" name="VerifyPlaceOrder" time="18.724"/>
  <system-out/>
</testsuite> <!-- com.automationpractice.TestScripts.VerifyPlaceOrderTest -->
