<?xml version="1.0" encoding="UTF-8"?>
<!-- Generated by org.testng.reporters.JUnitReportReporter -->
<testsuite hostname="DESKTOP-0MHP5IB" failures="0" tests="1" name="com.automationpractice.TestScripts.ShareProductFBTest" time="50.976" errors="0" timestamp="2022-03-10T13:16:44 EST" skipped="0">
  <testcase classname="com.automationpractice.TestScripts.ShareProductFBTest" name="ShareProductFB" time="50.976"/>
  <system-out/>
</testsuite> <!-- com.automationpractice.TestScripts.ShareProductFBTest -->
